# JRE version: OpenJDK Runtime Environment (8.0_152-b01) (build 1.8.0_152-release-1248-b01)
# Java VM: OpenJDK 64-Bit Server VM (25.152-b01 mixed mode windows-amd64 compressed oops)
Heap:
 PSYoungGen      total 161280K, used 16880K [0x00000000e0000000, 0x00000000eba80000, 0x0000000100000000)
  eden space 144896K, 0% used [0x00000000e0000000,0x00000000e0080c98,0x00000000e8d80000)
  from space 16384K, 99% used [0x00000000ea200000,0x00000000eb1fb378,0x00000000eb200000)
  to   space 20992K, 0% used [0x00000000e8d80000,0x00000000e8d80000,0x00000000ea200000)
 ParOldGen       total 145408K, used 39906K [0x00000000a0000000, 0x00000000a8e00000, 0x00000000e0000000)
  object space 145408K, 27% used [0x00000000a0000000,0x00000000a26f8808,0x00000000a8e00000)
 Metaspace       used 72765K, capacity 75038K, committed 75176K, reserved 1114112K
  class space    used 9752K, capacity 10304K, committed 10416K, reserved 1048576K
GC Heap History (10 events):
Event: 13.239 GC heap before
{Heap before GC invocations=13 (full 2):
 PSYoungGen      total 113664K, used 113649K [0x00000000e0000000, 0x00000000e8000000, 0x0000000100000000)
  eden space 102912K, 100% used [0x00000000e0000000,0x00000000e6480000,0x00000000e6480000)
  from space 10752K, 99% used [0x00000000e7580000,0x00000000e7ffc740,0x00000000e8000000)
  to   space 12800K, 0% used [0x00000000e6700000,0x00000000e6700000,0x00000000e7380000)
 ParOldGen       total 94720K, used 17453K [0x00000000a0000000, 0x00000000a5c80000, 0x00000000e0000000)
  object space 94720K, 18% used [0x00000000a0000000,0x00000000a110b610,0x00000000a5c80000)
 Metaspace       used 51980K, capacity 53194K, committed 53544K, reserved 1095680K
  class space    used 7011K, capacity 7366K, committed 7472K, reserved 1048576K
Event: 13.260 GC heap after
Heap after GC invocations=13 (full 2):
 PSYoungGen      total 118272K, used 10150K [0x00000000e0000000, 0x00000000e9900000, 0x0000000100000000)
  eden space 105472K, 0% used [0x00000000e0000000,0x00000000e0000000,0x00000000e6700000)
  from space 12800K, 79% used [0x00000000e6700000,0x00000000e70e9ac8,0x00000000e7380000)
  to   space 13312K, 0% used [0x00000000e8c00000,0x00000000e8c00000,0x00000000e9900000)
 ParOldGen       total 94720K, used 24609K [0x00000000a0000000, 0x00000000a5c80000, 0x00000000e0000000)
  object space 94720K, 25% used [0x00000000a0000000,0x00000000a18087b8,0x00000000a5c80000)
 Metaspace       used 51980K, capacity 53194K, committed 53544K, reserved 1095680K
  class space    used 7011K, capacity 7366K, committed 7472K, reserved 1048576K
}
Event: 14.560 GC heap before
{Heap before GC invocations=14 (full 2):
 PSYoungGen      total 118272K, used 81112K [0x00000000e0000000, 0x00000000e9900000, 0x0000000100000000)
  eden space 105472K, 67% used [0x00000000e0000000,0x00000000e454c628,0x00000000e6700000)
  from space 12800K, 79% used [0x00000000e6700000,0x00000000e70e9ac8,0x00000000e7380000)
  to   space 13312K, 0% used [0x00000000e8c00000,0x00000000e8c00000,0x00000000e9900000)
 ParOldGen       total 94720K, used 24609K [0x00000000a0000000, 0x00000000a5c80000, 0x00000000e0000000)
  object space 94720K, 25% used [0x00000000a0000000,0x00000000a18087b8,0x00000000a5c80000)
 Metaspace       used 57467K, capacity 59034K, committed 59160K, reserved 1099776K
  class space    used 7866K, capacity 8296K, committed 8368K, reserved 1048576K
Event: 14.574 GC heap after
Heap after GC invocations=14 (full 2):
 PSYoungGen      total 142336K, used 11769K [0x00000000e0000000, 0x00000000e9d80000, 0x0000000100000000)
  eden space 129024K, 0% used [0x00000000e0000000,0x00000000e0000000,0x00000000e7e00000)
  from space 13312K, 88% used [0x00000000e8c00000,0x00000000e977e5c8,0x00000000e9900000)
  to   space 14336K, 0% used [0x00000000e7e00000,0x00000000e7e00000,0x00000000e8c00000)
 ParOldGen       total 94720K, used 24617K [0x00000000a0000000, 0x00000000a5c80000, 0x00000000e0000000)
  object space 94720K, 25% used [0x00000000a0000000,0x00000000a180a7b8,0x00000000a5c80000)
 Metaspace       used 57467K, capacity 59034K, committed 59160K, reserved 1099776K
  class space    used 7866K, capacity 8296K, committed 8368K, reserved 1048576K
}
Event: 14.574 GC heap before
{Heap before GC invocations=15 (full 3):
 PSYoungGen      total 142336K, used 11769K [0x00000000e0000000, 0x00000000e9d80000, 0x0000000100000000)
  eden space 129024K, 0% used [0x00000000e0000000,0x00000000e0000000,0x00000000e7e00000)
  from space 13312K, 88% used [0x00000000e8c00000,0x00000000e977e5c8,0x00000000e9900000)
  to   space 14336K, 0% used [0x00000000e7e00000,0x00000000e7e00000,0x00000000e8c00000)
 ParOldGen       total 94720K, used 24617K [0x00000000a0000000, 0x00000000a5c80000, 0x00000000e0000000)
  object space 94720K, 25% used [0x00000000a0000000,0x00000000a180a7b8,0x00000000a5c80000)
 Metaspace       used 57467K, capacity 59034K, committed 59160K, reserved 1099776K
  class space    used 7866K, capacity 8296K, committed 8368K, reserved 1048576K
Event: 14.849 GC heap after
Heap after GC invocations=15 (full 3):
 PSYoungGen      total 142336K, used 0K [0x00000000e0000000, 0x00000000e9d80000, 0x0000000100000000)
  eden space 129024K, 0% used [0x00000000e0000000,0x00000000e0000000,0x00000000e7e00000)
  from space 13312K, 0% used [0x00000000e8c00000,0x00000000e8c00000,0x00000000e9900000)
  to   space 14336K, 0% used [0x00000000e7e00000,0x00000000e7e00000,0x00000000e8c00000)
 ParOldGen       total 145408K, used 32008K [0x00000000a0000000, 0x00000000a8e00000, 0x00000000e0000000)
  object space 145408K, 22% used [0x00000000a0000000,0x00000000a1f42130,0x00000000a8e00000)
 Metaspace       used 57467K, capacity 59034K, committed 59160K, reserved 1099776K
  class space    used 7866K, capacity 8296K, committed 8368K, reserved 1048576K
}
Event: 18.992 GC heap before
{Heap before GC invocations=16 (full 3):
 PSYoungGen      total 142336K, used 129024K [0x00000000e0000000, 0x00000000e9d80000, 0x0000000100000000)
  eden space 129024K, 100% used [0x00000000e0000000,0x00000000e7e00000,0x00000000e7e00000)
  from space 13312K, 0% used [0x00000000e8c00000,0x00000000e8c00000,0x00000000e9900000)
  to   space 14336K, 0% used [0x00000000e7e00000,0x00000000e7e00000,0x00000000e8c00000)
 ParOldGen       total 145408K, used 32008K [0x00000000a0000000, 0x00000000a8e00000, 0x00000000e0000000)
  object space 145408K, 22% used [0x00000000a0000000,0x00000000a1f42130,0x00000000a8e00000)
 Metaspace       used 63032K, capacity 64634K, committed 64808K, reserved 1105920K
  class space    used 8550K, capacity 8958K, committed 9008K, reserved 1048576K
Event: 19.012 GC heap after
Heap after GC invocations=16 (full 3):
 PSYoungGen      total 143360K, used 14316K [0x00000000e0000000, 0x00000000eb200000, 0x0000000100000000)
  eden space 129024K, 0% used [0x00000000e0000000,0x00000000e0000000,0x00000000e7e00000)
  from space 14336K, 99% used [0x00000000e7e00000,0x00000000e8bfb2b8,0x00000000e8c00000)
  to   space 16384K, 0% used [0x00000000ea200000,0x00000000ea200000,0x00000000eb200000)
 ParOldGen       total 145408K, used 32401K [0x00000000a0000000, 0x00000000a8e00000, 0x00000000e0000000)
  object space 145408K, 22% used [0x00000000a0000000,0x00000000a1fa4748,0x00000000a8e00000)
 Metaspace       used 63032K, capacity 64634K, committed 64808K, reserved 1105920K
  class space    used 8550K, capacity 8958K, committed 9008K, reserved 1048576K
}
Event: 23.357 GC heap before
{Heap before GC invocations=17 (full 3):
 PSYoungGen      total 143360K, used 143321K [0x00000000e0000000, 0x00000000eb200000, 0x0000000100000000)
  eden space 129024K, 99% used [0x00000000e0000000,0x00000000e7dfb500,0x00000000e7e00000)
  from space 14336K, 99% used [0x00000000e7e00000,0x00000000e8bfb2b8,0x00000000e8c00000)
  to   space 16384K, 0% used [0x00000000ea200000,0x00000000ea200000,0x00000000eb200000)
 ParOldGen       total 145408K, used 32401K [0x00000000a0000000, 0x00000000a8e00000, 0x00000000e0000000)
  object space 145408K, 22% used [0x00000000a0000000,0x00000000a1fa4748,0x00000000a8e00000)
 Metaspace       used 72711K, capacity 74994K, committed 75048K, reserved 1114112K
  class space    used 9743K, capacity 10270K, committed 10288K, reserved 1048576K
Event: 23.398 GC heap after
Heap after GC invocations=17 (full 3):
 PSYoungGen      total 161280K, used 16364K [0x00000000e0000000, 0x00000000eba80000, 0x0000000100000000)
  eden space 144896K, 0% used [0x00000000e0000000,0x00000000e0000000,0x00000000e8d80000)
  from space 16384K, 99% used [0x00000000ea200000,0x00000000eb1fb378,0x00000000eb200000)
  to   space 20992K, 0% used [0x00000000e8d80000,0x00000000e8d80000,0x00000000ea200000)
 ParOldGen       total 145408K, used 39906K [0x00000000a0000000, 0x00000000a8e00000, 0x00000000e0000000)
  object space 145408K, 27% used [0x00000000a0000000,0x00000000a26f8808,0x00000000a8e00000)
 Metaspace       used 72711K, capacity 74994K, committed 75048K, reserved 1114112K
  class space    used 9743K, capacity 10270K, committed 10288K, reserved 1048576K
}

