# JRE version: OpenJDK Runtime Environment (8.0_152-b01) (build 1.8.0_152-release-1248-b01)
# Java VM: OpenJDK 64-Bit Server VM (25.152-b01 mixed mode windows-amd64 compressed oops)
Heap:
 PSYoungGen      total 181760K, used 72205K [0x00000000e0000000, 0x00000000ec300000, 0x0000000100000000)
  eden space 166912K, 34% used [0x00000000e0000000,0x00000000e38e1f18,0x00000000ea300000)
  from space 14848K, 94% used [0x00000000eb400000,0x00000000ec1a15c0,0x00000000ec280000)
  to   space 16384K, 0% used [0x00000000ea300000,0x00000000ea300000,0x00000000eb300000)
 ParOldGen       total 130560K, used 31152K [0x00000000a0000000, 0x00000000a7f80000, 0x00000000e0000000)
  object space 130560K, 23% used [0x00000000a0000000,0x00000000a1e6c078,0x00000000a7f80000)
 Metaspace       used 74691K, capacity 77372K, committed 77480K, reserved 1116160K
  class space    used 10064K, capacity 10627K, committed 10672K, reserved 1048576K
GC Heap History (10 events):
Event: 21.568 GC heap before
{Heap before GC invocations=13 (full 2):
 PSYoungGen      total 121856K, used 121850K [0x00000000e0000000, 0x00000000e8580000, 0x0000000100000000)
  eden space 110592K, 100% used [0x00000000e0000000,0x00000000e6c00000,0x00000000e6c00000)
  from space 11264K, 99% used [0x00000000e7a80000,0x00000000e857e8a0,0x00000000e8580000)
  to   space 12800K, 0% used [0x00000000e6c80000,0x00000000e6c80000,0x00000000e7900000)
 ParOldGen       total 86016K, used 17080K [0x00000000a0000000, 0x00000000a5400000, 0x00000000e0000000)
  object space 86016K, 19% used [0x00000000a0000000,0x00000000a10ae3c0,0x00000000a5400000)
 Metaspace       used 52707K, capacity 53924K, committed 54056K, reserved 1095680K
  class space    used 7113K, capacity 7461K, committed 7472K, reserved 1048576K
Event: 21.589 GC heap after
Heap after GC invocations=13 (full 2):
 PSYoungGen      total 123904K, used 11449K [0x00000000e0000000, 0x00000000ea700000, 0x0000000100000000)
  eden space 111104K, 0% used [0x00000000e0000000,0x00000000e0000000,0x00000000e6c80000)
  from space 12800K, 89% used [0x00000000e6c80000,0x00000000e77ae780,0x00000000e7900000)
  to   space 13824K, 0% used [0x00000000e9980000,0x00000000e9980000,0x00000000ea700000)
 ParOldGen       total 86016K, used 24440K [0x00000000a0000000, 0x00000000a5400000, 0x00000000e0000000)
  object space 86016K, 28% used [0x00000000a0000000,0x00000000a17de348,0x00000000a5400000)
 Metaspace       used 52707K, capacity 53924K, committed 54056K, reserved 1095680K
  class space    used 7113K, capacity 7461K, committed 7472K, reserved 1048576K
}
Event: 22.783 GC heap before
{Heap before GC invocations=14 (full 2):
 PSYoungGen      total 123904K, used 70950K [0x00000000e0000000, 0x00000000ea700000, 0x0000000100000000)
  eden space 111104K, 53% used [0x00000000e0000000,0x00000000e3a1b138,0x00000000e6c80000)
  from space 12800K, 89% used [0x00000000e6c80000,0x00000000e77ae780,0x00000000e7900000)
  to   space 13824K, 0% used [0x00000000e9980000,0x00000000e9980000,0x00000000ea700000)
 ParOldGen       total 86016K, used 24440K [0x00000000a0000000, 0x00000000a5400000, 0x00000000e0000000)
  object space 86016K, 28% used [0x00000000a0000000,0x00000000a17de348,0x00000000a5400000)
 Metaspace       used 57468K, capacity 59030K, committed 59160K, reserved 1099776K
  class space    used 7868K, capacity 8296K, committed 8368K, reserved 1048576K
Event: 22.797 GC heap after
Heap after GC invocations=14 (full 2):
 PSYoungGen      total 155136K, used 6710K [0x00000000e0000000, 0x00000000ea580000, 0x0000000100000000)
  eden space 142848K, 0% used [0x00000000e0000000,0x00000000e0000000,0x00000000e8b80000)
  from space 12288K, 54% used [0x00000000e9980000,0x00000000ea00da40,0x00000000ea580000)
  to   space 13312K, 0% used [0x00000000e8b80000,0x00000000e8b80000,0x00000000e9880000)
 ParOldGen       total 86016K, used 28370K [0x00000000a0000000, 0x00000000a5400000, 0x00000000e0000000)
  object space 86016K, 32% used [0x00000000a0000000,0x00000000a1bb4b68,0x00000000a5400000)
 Metaspace       used 57468K, capacity 59030K, committed 59160K, reserved 1099776K
  class space    used 7868K, capacity 8296K, committed 8368K, reserved 1048576K
}
Event: 22.797 GC heap before
{Heap before GC invocations=15 (full 3):
 PSYoungGen      total 155136K, used 6710K [0x00000000e0000000, 0x00000000ea580000, 0x0000000100000000)
  eden space 142848K, 0% used [0x00000000e0000000,0x00000000e0000000,0x00000000e8b80000)
  from space 12288K, 54% used [0x00000000e9980000,0x00000000ea00da40,0x00000000ea580000)
  to   space 13312K, 0% used [0x00000000e8b80000,0x00000000e8b80000,0x00000000e9880000)
 ParOldGen       total 86016K, used 28370K [0x00000000a0000000, 0x00000000a5400000, 0x00000000e0000000)
  object space 86016K, 32% used [0x00000000a0000000,0x00000000a1bb4b68,0x00000000a5400000)
 Metaspace       used 57468K, capacity 59030K, committed 59160K, reserved 1099776K
  class space    used 7868K, capacity 8296K, committed 8368K, reserved 1048576K
Event: 23.069 GC heap after
Heap after GC invocations=15 (full 3):
 PSYoungGen      total 155136K, used 0K [0x00000000e0000000, 0x00000000ea580000, 0x0000000100000000)
  eden space 142848K, 0% used [0x00000000e0000000,0x00000000e0000000,0x00000000e8b80000)
  from space 12288K, 0% used [0x00000000e9980000,0x00000000e9980000,0x00000000ea580000)
  to   space 13312K, 0% used [0x00000000e8b80000,0x00000000e8b80000,0x00000000e9880000)
 ParOldGen       total 130560K, used 31136K [0x00000000a0000000, 0x00000000a7f80000, 0x00000000e0000000)
  object space 130560K, 23% used [0x00000000a0000000,0x00000000a1e68078,0x00000000a7f80000)
 Metaspace       used 57468K, capacity 59030K, committed 59160K, reserved 1099776K
  class space    used 7868K, capacity 8296K, committed 8368K, reserved 1048576K
}
Event: 27.622 GC heap before
{Heap before GC invocations=16 (full 3):
 PSYoungGen      total 155136K, used 142848K [0x00000000e0000000, 0x00000000ea580000, 0x0000000100000000)
  eden space 142848K, 100% used [0x00000000e0000000,0x00000000e8b80000,0x00000000e8b80000)
  from space 12288K, 0% used [0x00000000e9980000,0x00000000e9980000,0x00000000ea580000)
  to   space 13312K, 0% used [0x00000000e8b80000,0x00000000e8b80000,0x00000000e9880000)
 ParOldGen       total 130560K, used 31136K [0x00000000a0000000, 0x00000000a7f80000, 0x00000000e0000000)
  object space 130560K, 23% used [0x00000000a0000000,0x00000000a1e68078,0x00000000a7f80000)
 Metaspace       used 63916K, capacity 65526K, committed 65704K, reserved 1105920K
  class space    used 8657K, capacity 9086K, committed 9136K, reserved 1048576K
Event: 27.647 GC heap after
Heap after GC invocations=16 (full 3):
 PSYoungGen      total 156160K, used 12699K [0x00000000e0000000, 0x00000000ec280000, 0x0000000100000000)
  eden space 142848K, 0% used [0x00000000e0000000,0x00000000e0000000,0x00000000e8b80000)
  from space 13312K, 95% used [0x00000000e8b80000,0x00000000e97e6ff8,0x00000000e9880000)
  to   space 14848K, 0% used [0x00000000eb400000,0x00000000eb400000,0x00000000ec280000)
 ParOldGen       total 130560K, used 31144K [0x00000000a0000000, 0x00000000a7f80000, 0x00000000e0000000)
  object space 130560K, 23% used [0x00000000a0000000,0x00000000a1e6a078,0x00000000a7f80000)
 Metaspace       used 63916K, capacity 65526K, committed 65704K, reserved 1105920K
  class space    used 8657K, capacity 9086K, committed 9136K, reserved 1048576K
}
Event: 30.805 GC heap before
{Heap before GC invocations=17 (full 3):
 PSYoungGen      total 156160K, used 155547K [0x00000000e0000000, 0x00000000ec280000, 0x0000000100000000)
  eden space 142848K, 100% used [0x00000000e0000000,0x00000000e8b80000,0x00000000e8b80000)
  from space 13312K, 95% used [0x00000000e8b80000,0x00000000e97e6ff8,0x00000000e9880000)
  to   space 14848K, 0% used [0x00000000eb400000,0x00000000eb400000,0x00000000ec280000)
 ParOldGen       total 130560K, used 31144K [0x00000000a0000000, 0x00000000a7f80000, 0x00000000e0000000)
  object space 130560K, 23% used [0x00000000a0000000,0x00000000a1e6a078,0x00000000a7f80000)
 Metaspace       used 68020K, capacity 70086K, committed 70440K, reserved 1110016K
  class space    used 9164K, capacity 9656K, committed 9776K, reserved 1048576K
Event: 30.822 GC heap after
Heap after GC invocations=17 (full 3):
 PSYoungGen      total 181760K, used 13957K [0x00000000e0000000, 0x00000000ec300000, 0x0000000100000000)
  eden space 166912K, 0% used [0x00000000e0000000,0x00000000e0000000,0x00000000ea300000)
  from space 14848K, 94% used [0x00000000eb400000,0x00000000ec1a15c0,0x00000000ec280000)
  to   space 16384K, 0% used [0x00000000ea300000,0x00000000ea300000,0x00000000eb300000)
 ParOldGen       total 130560K, used 31152K [0x00000000a0000000, 0x00000000a7f80000, 0x00000000e0000000)
  object space 130560K, 23% used [0x00000000a0000000,0x00000000a1e6c078,0x00000000a7f80000)
 Metaspace       used 68020K, capacity 70086K, committed 70440K, reserved 1110016K
  class space    used 9164K, capacity 9656K, committed 9776K, reserved 1048576K
}

